c:\users\student\documents\visual studio 2015\projects\3dactiongame_2021_12\debug\vc140.pdb
c:\users\student\documents\visual studio 2015\projects\3dactiongame_2021_12\debug\vc140.idb
c:\users\student\documents\visual studio 2015\projects\3dactiongame_2021_12\debug\pause.obj
c:\users\student\documents\visual studio 2015\projects\3dactiongame_2021_12\debug\player.obj
c:\users\student\documents\visual studio 2015\projects\3dactiongame_2021_12\debug\ranking.obj
c:\users\student\documents\visual studio 2015\projects\3dactiongame_2021_12\debug\renderer.obj
c:\users\student\documents\visual studio 2015\projects\3dactiongame_2021_12\debug\result.obj
c:\users\student\documents\visual studio 2015\projects\3dactiongame_2021_12\debug\scene.obj
c:\users\student\documents\visual studio 2015\projects\3dactiongame_2021_12\debug\scene2d.obj
c:\users\student\documents\visual studio 2015\projects\3dactiongame_2021_12\debug\scene3d.obj
c:\users\student\documents\visual studio 2015\projects\3dactiongame_2021_12\debug\scenemodel.obj
c:\users\student\documents\visual studio 2015\projects\3dactiongame_2021_12\debug\scenemotion.obj
c:\users\student\documents\visual studio 2015\projects\3dactiongame_2021_12\debug\score.obj
c:\users\student\documents\visual studio 2015\projects\3dactiongame_2021_12\debug\sound.obj
c:\users\student\documents\visual studio 2015\projects\3dactiongame_2021_12\debug\sword.obj
c:\users\student\documents\visual studio 2015\projects\3dactiongame_2021_12\debug\terrain.obj
c:\users\student\documents\visual studio 2015\projects\3dactiongame_2021_12\debug\texture.obj
c:\users\student\documents\visual studio 2015\projects\3dactiongame_2021_12\debug\timer.obj
c:\users\student\documents\visual studio 2015\projects\3dactiongame_2021_12\debug\title.obj
c:\users\student\documents\visual studio 2015\projects\3dactiongame_2021_12\debug\tree.obj
c:\users\student\documents\visual studio 2015\projects\3dactiongame_2021_12\debug\wallcylinder.obj
c:\users\student\documents\visual studio 2015\projects\3dactiongame_2021_12\debug\weapon.obj
c:\users\student\documents\visual studio 2015\projects\3dactiongame_2021_12\debug\camera.obj
c:\users\student\documents\visual studio 2015\projects\3dactiongame_2021_12\debug\effect.obj
c:\users\student\documents\visual studio 2015\projects\3dactiongame_2021_12\debug\enemy.obj
c:\users\student\documents\visual studio 2015\projects\3dactiongame_2021_12\debug\enemy_human.obj
c:\users\student\documents\visual studio 2015\projects\3dactiongame_2021_12\debug\enemy_normal.obj
c:\users\student\documents\visual studio 2015\projects\3dactiongame_2021_12\debug\fade.obj
c:\users\student\documents\visual studio 2015\projects\3dactiongame_2021_12\debug\game.obj
c:\users\student\documents\visual studio 2015\projects\3dactiongame_2021_12\debug\input.obj
c:\users\student\documents\visual studio 2015\projects\3dactiongame_2021_12\debug\item.obj
c:\users\student\documents\visual studio 2015\projects\3dactiongame_2021_12\debug\item_coin.obj
c:\users\student\documents\visual studio 2015\projects\3dactiongame_2021_12\debug\item_wood.obj
c:\users\student\documents\visual studio 2015\projects\3dactiongame_2021_12\debug\light.obj
c:\users\student\documents\visual studio 2015\projects\3dactiongame_2021_12\debug\main.obj
c:\users\student\documents\visual studio 2015\projects\3dactiongame_2021_12\debug\manager.obj
c:\users\student\documents\visual studio 2015\projects\3dactiongame_2021_12\debug\meshcylinder.obj
c:\users\student\documents\visual studio 2015\projects\3dactiongame_2021_12\debug\meshfield.obj
c:\users\student\documents\visual studio 2015\projects\3dactiongame_2021_12\debug\meshorbit.obj
c:\users\student\documents\visual studio 2015\projects\3dactiongame_2021_12\debug\meshwall.obj
c:\users\student\documents\visual studio 2015\projects\3dactiongame_2021_12\debug\model.obj
c:\users\student\documents\visual studio 2015\projects\3dactiongame_2021_12\debug\number.obj
c:\users\student\documents\visual studio 2015\projects\3dactiongame_2021_12\debug\billboard.obj
c:\users\student\documents\visual studio 2015\projects\3dactiongame_2021_12\debug\circle.obj
c:\users\student\documents\visual studio 2015\projects\3dactiongame_2021_12\debug\3dactiongame_2021_12.ilk
c:\users\student\documents\visual studio 2015\projects\3dactiongame_2021_12\debug\3dactiongame_2021_12.exe
c:\users\student\documents\visual studio 2015\projects\3dactiongame_2021_12\debug\3dactiongame_2021_12.pdb
c:\users\student\documents\visual studio 2015\projects\3dactiongame_2021_12\debug\3daction.d22b6bb1.tlog\cl.command.1.tlog
c:\users\student\documents\visual studio 2015\projects\3dactiongame_2021_12\debug\3daction.d22b6bb1.tlog\cl.read.1.tlog
c:\users\student\documents\visual studio 2015\projects\3dactiongame_2021_12\debug\3daction.d22b6bb1.tlog\cl.write.1.tlog
c:\users\student\documents\visual studio 2015\projects\3dactiongame_2021_12\debug\3daction.d22b6bb1.tlog\link.command.1.tlog
c:\users\student\documents\visual studio 2015\projects\3dactiongame_2021_12\debug\3daction.d22b6bb1.tlog\link.read.1.tlog
c:\users\student\documents\visual studio 2015\projects\3dactiongame_2021_12\debug\3daction.d22b6bb1.tlog\link.write.1.tlog
