c:\users\student\documents\visual studio 2015\projects\glowapple\release\vc140.pdb
c:\users\student\documents\visual studio 2015\projects\glowapple\release\objectmodel.obj
c:\users\student\documents\visual studio 2015\projects\glowapple\release\objectlist.obj
c:\users\student\documents\visual studio 2015\projects\glowapple\release\object3d.obj
c:\users\student\documents\visual studio 2015\projects\glowapple\release\object2d.obj
c:\users\student\documents\visual studio 2015\projects\glowapple\release\object.obj
c:\users\student\documents\visual studio 2015\projects\glowapple\release\model.obj
c:\users\student\documents\visual studio 2015\projects\glowapple\release\meshwall.obj
c:\users\student\documents\visual studio 2015\projects\glowapple\release\meshcylinder.obj
c:\users\student\documents\visual studio 2015\projects\glowapple\release\manager.obj
c:\users\student\documents\visual studio 2015\projects\glowapple\release\main.obj
c:\users\student\documents\visual studio 2015\projects\glowapple\release\input.obj
c:\users\student\documents\visual studio 2015\projects\glowapple\release\glowapple.obj
c:\users\student\documents\visual studio 2015\projects\glowapple\release\gamescene.obj
c:\users\student\documents\visual studio 2015\projects\glowapple\release\font.obj
c:\users\student\documents\visual studio 2015\projects\glowapple\release\fade.obj
c:\users\student\documents\visual studio 2015\projects\glowapple\release\effect.obj
c:\users\student\documents\visual studio 2015\projects\glowapple\release\camera.obj
c:\users\student\documents\visual studio 2015\projects\glowapple\release\billboard.obj
c:\users\student\documents\visual studio 2015\projects\glowapple\release\appletree.obj
c:\users\student\documents\visual studio 2015\projects\glowapple\release\applemenu.obj
c:\users\student\documents\visual studio 2015\projects\glowapple\release\wallcylinder.obj
c:\users\student\documents\visual studio 2015\projects\glowapple\release\titlescene.obj
c:\users\student\documents\visual studio 2015\projects\glowapple\release\texture.obj
c:\users\student\documents\visual studio 2015\projects\glowapple\release\terrain.obj
c:\users\student\documents\visual studio 2015\projects\glowapple\release\stage.obj
c:\users\student\documents\visual studio 2015\projects\glowapple\release\sound.obj
c:\users\student\documents\visual studio 2015\projects\glowapple\release\selectmenu3d.obj
c:\users\student\documents\visual studio 2015\projects\glowapple\release\selectmenu.obj
c:\users\student\documents\visual studio 2015\projects\glowapple\release\scene.obj
c:\users\student\documents\visual studio 2015\projects\glowapple\release\renderer.obj
c:\users\student\documents\visual studio 2015\projects\glowapple\release\player.obj
c:\users\student\documents\visual studio 2015\projects\glowapple\release\particleeffect.obj
c:\users\student\documents\visual studio 2015\projects\glowapple\release\particle.obj
c:\users\student\documents\visual studio 2015\projects\glowapple\release\objectmotion.obj
c:\users\student\documents\visual studio 2015\projects\glowapple\release\objectmodelui.obj
c:\users\student\documents\visual studio 2015\projects\glowapple\release\gauge3d.obj
c:\users\student\documents\visual studio 2015\projects\glowapple\release\gauge2d.obj
c:\users\student\documents\visual studio 2015\projects\glowapple\release\gauge.obj
c:\users\student\documents\visual studio 2015\projects\glowapple\release\enemy_normal.obj
c:\users\student\documents\visual studio 2015\projects\glowapple\release\enemy_human.obj
c:\users\student\documents\visual studio 2015\projects\glowapple\release\enemy.obj
c:\users\student\documents\visual studio 2015\projects\glowapple\release\shockwaveemitter.obj
c:\users\student\documents\visual studio 2015\projects\glowapple\release\shockwave.obj
c:\users\student\documents\visual studio 2015\projects\glowapple\release\glowapple.exe
c:\users\student\documents\visual studio 2015\projects\glowapple\release\glowapple.ipdb
c:\users\student\documents\visual studio 2015\projects\glowapple\release\glowapple.iobj
c:\users\student\documents\visual studio 2015\projects\glowapple\release\glowapple.pdb
c:\users\student\documents\visual studio 2015\projects\glowapple\release\glowapple.tlog\cl.command.1.tlog
c:\users\student\documents\visual studio 2015\projects\glowapple\release\glowapple.tlog\cl.read.1.tlog
c:\users\student\documents\visual studio 2015\projects\glowapple\release\glowapple.tlog\cl.write.1.tlog
c:\users\student\documents\visual studio 2015\projects\glowapple\release\glowapple.tlog\link.command.1.tlog
c:\users\student\documents\visual studio 2015\projects\glowapple\release\glowapple.tlog\link.read.1.tlog
c:\users\student\documents\visual studio 2015\projects\glowapple\release\glowapple.tlog\link.write.1.tlog
